<?xml version="1.0" encoding="UTF-8"?>
<testsuite xmlns:xsi="http://www.w3.org/2001/XMLSchema-instance" xsi:schemaLocation="https://maven.apache.org/surefire/maven-surefire-plugin/xsd/surefire-test-report.xsd" name="TestSuite" time="256.11" tests="9" errors="0" skipped="3" failures="6">
  <properties>
[...]
</properties>
  <testcase name="setUp" classname="com.browserstack.BStackDemoTest" time="200.501">
    <failure message="Could not start a new session. Possible causes are invalid address of the remote server or browser start-up failure." type="org.openqa.selenium.SessionNotCreatedException">org.openqa.selenium.SessionNotCreatedException: Could not start a new session. Possible causes are invalid address of the remote server or browser start-up failure.
Caused by: org.openqa.selenium.WebDriverException: 
Could not start Mobile Browser. (WARNING: The server did not provide any stacktrace information)
Command duration or timeout: 200.07 seconds
Build info: version: '4.1.4', revision: '535d840ee2'
System info: host: 'ManojKumar-FVFH71A4Q05N', ip: 'fe80:0:0:0:1457:9060:622:2edd%en0', os.name: 'Mac OS X', os.arch: 'aarch64', os.version: '14.2.1', java.version: '21'
Driver info: driver.version: ChromeDriver
</failure>
  </testcase>
  <testcase name="setUp" classname="com.browserstack.BStackDemoTest" time="12.947">
    <failure message="Could not start a new session. Possible causes are invalid address of the remote server or browser start-up failure." type="org.openqa.selenium.SessionNotCreatedException">org.openqa.selenium.SessionNotCreatedException: Could not start a new session. Possible causes are invalid address of the remote server or browser start-up failure.
Caused by: org.openqa.selenium.WebDriverException: 
Could not start Mobile Browser. (WARNING: The server did not provide any stacktrace information)
Command duration or timeout: 213.07 seconds
Build info: version: '4.1.4', revision: '535d840ee2'
System info: host: 'ManojKumar-FVFH71A4Q05N', ip: 'fe80:0:0:0:1457:9060:622:2edd%en0', os.name: 'Mac OS X', os.arch: 'aarch64', os.version: '14.2.1', java.version: '21'
Driver info: driver.version: ChromeDriver
</failure>
  </testcase>
  <testcase name="setUp" classname="com.browserstack.BStackDemoTest" time="41.058">
    <failure message="Could not start a new session. Possible causes are invalid address of the remote server or browser start-up failure." type="org.openqa.selenium.SessionNotCreatedException">org.openqa.selenium.SessionNotCreatedException: Could not start a new session. Possible causes are invalid address of the remote server or browser start-up failure.
Caused by: org.openqa.selenium.WebDriverException: 
Could not start Mobile Browser. (WARNING: The server did not provide any stacktrace information)
Command duration or timeout: 254.13 seconds
Build info: version: '4.1.4', revision: '535d840ee2'
System info: host: 'ManojKumar-FVFH71A4Q05N', ip: 'fe80:0:0:0:1457:9060:622:2edd%en0', os.name: 'Mac OS X', os.arch: 'aarch64', os.version: '14.2.1', java.version: '21'
Driver info: driver.version: ChromeDriver
</failure>
  </testcase>
  <testcase name="addProductToCart" classname="com.browserstack.BStackDemoTest" time="0">
    <skipped message="Could not start a new session. Possible causes are invalid address of the remote server or browser start-up failure."/>
  </testcase>
  <testcase name="addProductToCart" classname="com.browserstack.BStackDemoTest" time="0">
    <skipped message="Could not start a new session. Possible causes are invalid address of the remote server or browser start-up failure."/>
  </testcase>
  <testcase name="addProductToCart" classname="com.browserstack.BStackDemoTest" time="0">
    <skipped message="Could not start a new session. Possible causes are invalid address of the remote server or browser start-up failure."/>
  </testcase>
  <testcase name="tearDown" classname="com.browserstack.BStackDemoTest" time="1.617">
    <failure message="Cannot invoke &quot;org.openqa.selenium.WebDriver.quit()&quot; because &quot;this.driver&quot; is null" type="java.lang.NullPointerException">java.lang.NullPointerException: Cannot invoke "org.openqa.selenium.WebDriver.quit()" because "this.driver" is null
</failure>
  </testcase>
  <testcase name="tearDown" classname="com.browserstack.BStackDemoTest" time="1.643">
    <failure message="Cannot invoke &quot;org.openqa.selenium.WebDriver.quit()&quot; because &quot;this.driver&quot; is null" type="java.lang.NullPointerException">java.lang.NullPointerException: Cannot invoke "org.openqa.selenium.WebDriver.quit()" because "this.driver" is null
</failure>
  </testcase>
  <testcase name="tearDown" classname="com.browserstack.BStackDemoTest" time="1.516">
    <failure message="Cannot invoke &quot;org.openqa.selenium.WebDriver.quit()&quot; because &quot;this.driver&quot; is null" type="java.lang.NullPointerException">java.lang.NullPointerException: Cannot invoke "org.openqa.selenium.WebDriver.quit()" because "this.driver" is null
</failure>
  </testcase>
</testsuite>